<?xml version="1.0" encoding="UTF-8"?>
<testsuite name="fusionpower.webcrawler.WebCrawlerApplicationTests" tests="1" skipped="0" failures="0" errors="0" timestamp="2017-06-16T23:45:13" hostname="C02PP09TG3QN.cardinalhealth.net" time="0.176">
  <properties/>
  <testcase name="contextLoads" classname="fusionpower.webcrawler.WebCrawlerApplicationTests" time="0.176"/>
  <system-out><![CDATA[19:45:11.105 [Test worker] DEBUG org.springframework.test.context.junit4.SpringJUnit4ClassRunner - SpringJUnit4ClassRunner constructor called with [class fusionpower.webcrawler.WebCrawlerApplicationTests]
19:45:11.116 [Test worker] DEBUG org.springframework.test.context.BootstrapUtils - Instantiating CacheAwareContextLoaderDelegate from class [org.springframework.test.context.cache.DefaultCacheAwareContextLoaderDelegate]
19:45:11.126 [Test worker] DEBUG org.springframework.test.context.BootstrapUtils - Instantiating BootstrapContext using constructor [public org.springframework.test.context.support.DefaultBootstrapContext(java.lang.Class,org.springframework.test.context.CacheAwareContextLoaderDelegate)]
19:45:11.144 [Test worker] DEBUG org.springframework.test.context.BootstrapUtils - Instantiating TestContextBootstrapper for test class [fusionpower.webcrawler.WebCrawlerApplicationTests] from class [org.springframework.boot.test.context.SpringBootTestContextBootstrapper]
19:45:11.155 [Test worker] INFO org.springframework.boot.test.context.SpringBootTestContextBootstrapper - Neither @ContextConfiguration nor @ContextHierarchy found for test class [fusionpower.webcrawler.WebCrawlerApplicationTests], using SpringBootContextLoader
19:45:11.159 [Test worker] DEBUG org.springframework.test.context.support.AbstractContextLoader - Did not detect default resource location for test class [fusionpower.webcrawler.WebCrawlerApplicationTests]: class path resource [fusionpower/webcrawler/WebCrawlerApplicationTests-context.xml] does not exist
19:45:11.159 [Test worker] DEBUG org.springframework.test.context.support.AbstractContextLoader - Did not detect default resource location for test class [fusionpower.webcrawler.WebCrawlerApplicationTests]: class path resource [fusionpower/webcrawler/WebCrawlerApplicationTestsContext.groovy] does not exist
19:45:11.160 [Test worker] INFO org.springframework.test.context.support.AbstractContextLoader - Could not detect default resource locations for test class [fusionpower.webcrawler.WebCrawlerApplicationTests]: no resource found for suffixes {-context.xml, Context.groovy}.
19:45:11.160 [Test worker] INFO org.springframework.test.context.support.AnnotationConfigContextLoaderUtils - Could not detect default configuration classes for test class [fusionpower.webcrawler.WebCrawlerApplicationTests]: WebCrawlerApplicationTests does not declare any static, non-private, non-final, nested classes annotated with @Configuration.
19:45:11.217 [Test worker] DEBUG org.springframework.test.context.support.ActiveProfilesUtils - Could not find an 'annotation declaring class' for annotation type [org.springframework.test.context.ActiveProfiles] and class [fusionpower.webcrawler.WebCrawlerApplicationTests]
19:45:11.240 [Test worker] DEBUG org.springframework.core.env.StandardEnvironment - Adding [systemProperties] PropertySource with lowest search precedence
19:45:11.241 [Test worker] DEBUG org.springframework.core.env.StandardEnvironment - Adding [systemEnvironment] PropertySource with lowest search precedence
19:45:11.241 [Test worker] DEBUG org.springframework.core.env.StandardEnvironment - Initialized StandardEnvironment with PropertySources [systemProperties,systemEnvironment]
19:45:11.258 [Test worker] DEBUG org.springframework.core.io.support.PathMatchingResourcePatternResolver - Resolved classpath location [fusionpower/webcrawler/] to resources [URL [file:/Users/leo.guinan/Documents/Projects/web-crawler/build/classes/test/fusionpower/webcrawler/], URL [file:/Users/leo.guinan/Documents/Projects/web-crawler/build/classes/main/fusionpower/webcrawler/]]
19:45:11.259 [Test worker] DEBUG org.springframework.core.io.support.PathMatchingResourcePatternResolver - Looking for matching resources in directory tree [/Users/leo.guinan/Documents/Projects/web-crawler/build/classes/test/fusionpower/webcrawler]
19:45:11.259 [Test worker] DEBUG org.springframework.core.io.support.PathMatchingResourcePatternResolver - Searching directory [/Users/leo.guinan/Documents/Projects/web-crawler/build/classes/test/fusionpower/webcrawler] for files matching pattern [/Users/leo.guinan/Documents/Projects/web-crawler/build/classes/test/fusionpower/webcrawler/*.class]
19:45:11.263 [Test worker] DEBUG org.springframework.core.io.support.PathMatchingResourcePatternResolver - Looking for matching resources in directory tree [/Users/leo.guinan/Documents/Projects/web-crawler/build/classes/main/fusionpower/webcrawler]
19:45:11.264 [Test worker] DEBUG org.springframework.core.io.support.PathMatchingResourcePatternResolver - Searching directory [/Users/leo.guinan/Documents/Projects/web-crawler/build/classes/main/fusionpower/webcrawler] for files matching pattern [/Users/leo.guinan/Documents/Projects/web-crawler/build/classes/main/fusionpower/webcrawler/*.class]
19:45:11.265 [Test worker] DEBUG org.springframework.core.io.support.PathMatchingResourcePatternResolver - Resolved location pattern [classpath*:fusionpower/webcrawler/*.class] to resources [file [/Users/leo.guinan/Documents/Projects/web-crawler/build/classes/test/fusionpower/webcrawler/WebCrawlerApplicationTests.class], file [/Users/leo.guinan/Documents/Projects/web-crawler/build/classes/main/fusionpower/webcrawler/WebCrawlerApplication.class]]
19:45:11.333 [Test worker] DEBUG org.springframework.context.annotation.ClassPathScanningCandidateComponentProvider - Identified candidate component class: file [/Users/leo.guinan/Documents/Projects/web-crawler/build/classes/main/fusionpower/webcrawler/WebCrawlerApplication.class]
19:45:11.335 [Test worker] INFO org.springframework.boot.test.context.SpringBootTestContextBootstrapper - Found @SpringBootConfiguration fusionpower.webcrawler.WebCrawlerApplication for test class fusionpower.webcrawler.WebCrawlerApplicationTests
19:45:11.531 [Test worker] DEBUG org.springframework.boot.test.context.SpringBootTestContextBootstrapper - @TestExecutionListeners is not present for class [fusionpower.webcrawler.WebCrawlerApplicationTests]: using defaults.
19:45:11.532 [Test worker] INFO org.springframework.boot.test.context.SpringBootTestContextBootstrapper - Loaded default TestExecutionListener class names from location [META-INF/spring.factories]: [org.springframework.boot.test.mock.mockito.MockitoTestExecutionListener, org.springframework.boot.test.mock.mockito.ResetMocksTestExecutionListener, org.springframework.boot.test.autoconfigure.restdocs.RestDocsTestExecutionListener, org.springframework.boot.test.autoconfigure.web.client.MockRestServiceServerResetTestExecutionListener, org.springframework.boot.test.autoconfigure.web.servlet.MockMvcPrintOnlyOnFailureTestExecutionListener, org.springframework.boot.test.autoconfigure.web.servlet.WebDriverTestExecutionListener, org.springframework.test.context.web.ServletTestExecutionListener, org.springframework.test.context.support.DirtiesContextBeforeModesTestExecutionListener, org.springframework.test.context.support.DependencyInjectionTestExecutionListener, org.springframework.test.context.support.DirtiesContextTestExecutionListener, org.springframework.test.context.transaction.TransactionalTestExecutionListener, org.springframework.test.context.jdbc.SqlScriptsTestExecutionListener]
19:45:11.557 [Test worker] INFO org.springframework.boot.test.context.SpringBootTestContextBootstrapper - Could not instantiate TestExecutionListener [org.springframework.test.context.jdbc.SqlScriptsTestExecutionListener]. Specify custom listener classes or make the default listener classes (and their required dependencies) available. Offending class: [org/springframework/transaction/interceptor/TransactionAttribute]
19:45:11.558 [Test worker] INFO org.springframework.boot.test.context.SpringBootTestContextBootstrapper - Could not instantiate TestExecutionListener [org.springframework.test.context.transaction.TransactionalTestExecutionListener]. Specify custom listener classes or make the default listener classes (and their required dependencies) available. Offending class: [org/springframework/transaction/interceptor/TransactionAttributeSource]
19:45:11.559 [Test worker] INFO org.springframework.boot.test.context.SpringBootTestContextBootstrapper - Could not instantiate TestExecutionListener [org.springframework.test.context.web.ServletTestExecutionListener]. Specify custom listener classes or make the default listener classes (and their required dependencies) available. Offending class: [javax/servlet/ServletContext]
19:45:11.564 [Test worker] INFO org.springframework.boot.test.context.SpringBootTestContextBootstrapper - Using TestExecutionListeners: [org.springframework.test.context.support.DirtiesContextBeforeModesTestExecutionListener@59683a02, org.springframework.boot.test.autoconfigure.SpringBootDependencyInjectionTestExecutionListener@e57554f, org.springframework.test.context.support.DirtiesContextTestExecutionListener@e7a8d08, org.springframework.boot.test.mock.mockito.ResetMocksTestExecutionListener@23f3fda4, org.springframework.boot.test.autoconfigure.web.servlet.WebDriverTestExecutionListener@3b536bf2, org.springframework.boot.test.autoconfigure.restdocs.RestDocsTestExecutionListener@f1abcfa, org.springframework.boot.test.mock.mockito.MockitoTestExecutionListener@55d272dc, org.springframework.boot.test.autoconfigure.web.client.MockRestServiceServerResetTestExecutionListener@6970bb1f, org.springframework.boot.test.autoconfigure.web.servlet.MockMvcPrintOnlyOnFailureTestExecutionListener@49dc5138]
19:45:11.568 [Test worker] DEBUG org.springframework.test.annotation.ProfileValueUtils - Retrieved @ProfileValueSourceConfiguration [null] for test class [fusionpower.webcrawler.WebCrawlerApplicationTests]
19:45:11.569 [Test worker] DEBUG org.springframework.test.annotation.ProfileValueUtils - Retrieved ProfileValueSource type [class org.springframework.test.annotation.SystemProfileValueSource] for class [fusionpower.webcrawler.WebCrawlerApplicationTests]
19:45:11.570 [Test worker] DEBUG org.springframework.test.annotation.ProfileValueUtils - Retrieved @ProfileValueSourceConfiguration [null] for test class [fusionpower.webcrawler.WebCrawlerApplicationTests]
19:45:11.571 [Test worker] DEBUG org.springframework.test.annotation.ProfileValueUtils - Retrieved ProfileValueSource type [class org.springframework.test.annotation.SystemProfileValueSource] for class [fusionpower.webcrawler.WebCrawlerApplicationTests]
19:45:11.578 [Test worker] DEBUG org.springframework.test.context.support.AbstractDirtiesContextTestExecutionListener - Before test class: context [DefaultTestContext@2792107c testClass = WebCrawlerApplicationTests, testInstance = [null], testMethod = [null], testException = [null], mergedContextConfiguration = [MergedContextConfiguration@2a2ea80a testClass = WebCrawlerApplicationTests, locations = '{}', classes = '{class fusionpower.webcrawler.WebCrawlerApplication}', contextInitializerClasses = '[]', activeProfiles = '{}', propertySourceLocations = '{}', propertySourceProperties = '{org.springframework.boot.test.context.SpringBootTestContextBootstrapper=true}', contextCustomizers = set[org.springframework.boot.test.context.SpringBootTestContextCustomizer@42a7d0bb, org.springframework.boot.test.context.filter.ExcludeFilterContextCustomizer@411f001d, org.springframework.boot.test.json.DuplicateJsonObjectContextCustomizerFactory$DuplicateJsonObjectContextCustomizer@6d5771b7, org.springframework.boot.test.mock.mockito.MockitoContextCustomizer@0, org.springframework.boot.test.autoconfigure.properties.PropertyMappingContextCustomizer@0, org.springframework.boot.test.autoconfigure.web.servlet.WebDriverContextCustomizerFactory$Customizer@4a3cfee0], contextLoader = 'org.springframework.boot.test.context.SpringBootContextLoader', parent = [null]], attributes = map[[empty]]], class annotated with @DirtiesContext [false] with mode [null].
19:45:11.578 [Test worker] DEBUG org.springframework.test.annotation.ProfileValueUtils - Retrieved @ProfileValueSourceConfiguration [null] for test class [fusionpower.webcrawler.WebCrawlerApplicationTests]
19:45:11.579 [Test worker] DEBUG org.springframework.test.annotation.ProfileValueUtils - Retrieved ProfileValueSource type [class org.springframework.test.annotation.SystemProfileValueSource] for class [fusionpower.webcrawler.WebCrawlerApplicationTests]
19:45:11.785 [Test worker] DEBUG org.springframework.test.context.support.DependencyInjectionTestExecutionListener - Performing dependency injection for test context [[DefaultTestContext@2792107c testClass = WebCrawlerApplicationTests, testInstance = fusionpower.webcrawler.WebCrawlerApplicationTests@1947f7b, testMethod = [null], testException = [null], mergedContextConfiguration = [MergedContextConfiguration@2a2ea80a testClass = WebCrawlerApplicationTests, locations = '{}', classes = '{class fusionpower.webcrawler.WebCrawlerApplication}', contextInitializerClasses = '[]', activeProfiles = '{}', propertySourceLocations = '{}', propertySourceProperties = '{org.springframework.boot.test.context.SpringBootTestContextBootstrapper=true}', contextCustomizers = set[org.springframework.boot.test.context.SpringBootTestContextCustomizer@42a7d0bb, org.springframework.boot.test.context.filter.ExcludeFilterContextCustomizer@411f001d, org.springframework.boot.test.json.DuplicateJsonObjectContextCustomizerFactory$DuplicateJsonObjectContextCustomizer@6d5771b7, org.springframework.boot.test.mock.mockito.MockitoContextCustomizer@0, org.springframework.boot.test.autoconfigure.properties.PropertyMappingContextCustomizer@0, org.springframework.boot.test.autoconfigure.web.servlet.WebDriverContextCustomizerFactory$Customizer@4a3cfee0], contextLoader = 'org.springframework.boot.test.context.SpringBootContextLoader', parent = [null]], attributes = map[[empty]]]].
19:45:11.830 [Test worker] DEBUG org.springframework.core.env.StandardEnvironment - Adding [systemProperties] PropertySource with lowest search precedence
19:45:11.830 [Test worker] DEBUG org.springframework.core.env.StandardEnvironment - Adding [systemEnvironment] PropertySource with lowest search precedence
19:45:11.830 [Test worker] DEBUG org.springframework.core.env.StandardEnvironment - Initialized StandardEnvironment with PropertySources [systemProperties,systemEnvironment]
19:45:11.840 [Test worker] DEBUG org.springframework.test.context.support.TestPropertySourceUtils - Adding inlined properties to environment: {spring.jmx.enabled=false, org.springframework.boot.test.context.SpringBootTestContextBootstrapper=true, server.port=-1}
19:45:11.841 [Test worker] DEBUG org.springframework.core.env.StandardEnvironment - Adding [Inlined Test Properties] PropertySource with highest search precedence

  .   ____          _            __ _ _
 /\\ / ___'_ __ _ _(_)_ __  __ _ \ \ \ \
( ( )\___ | '_ | '_| | '_ \/ _` | \ \ \ \
 \\/  ___)| |_)| | | | | || (_| |  ) ) ) )
  '  |____| .__|_| |_|_| |_\__, | / / / /
 =========|_|==============|___/=/_/_/_/
 :: Spring Boot ::             (v2.0.0.M2)

2017-06-16 19:45:12.225  INFO 46084 --- [    Test worker] f.webcrawler.WebCrawlerApplicationTests  : Starting WebCrawlerApplicationTests on C02PP09TG3QN.cardinalhealth.net with PID 46084 (started by leo.guinan in /Users/leo.guinan/Documents/Projects/web-crawler)
2017-06-16 19:45:12.229  INFO 46084 --- [    Test worker] f.webcrawler.WebCrawlerApplicationTests  : No active profile set, falling back to default profiles: default
2017-06-16 19:45:12.289  INFO 46084 --- [    Test worker] s.c.a.AnnotationConfigApplicationContext : Refreshing org.springframework.context.annotation.AnnotationConfigApplicationContext@2cb527b5: startup date [Fri Jun 16 19:45:12 EDT 2017]; root of context hierarchy
2017-06-16 19:45:13.062  INFO 46084 --- [    Test worker] f.webcrawler.WebCrawlerApplicationTests  : Started WebCrawlerApplicationTests in 1.218 seconds (JVM running for 2.784)
]]></system-out>
  <system-err><![CDATA[]]></system-err>
</testsuite>
